e:\engine source\ditto\ditto\x64\debug\vc143.pdb
e:\engine source\ditto\ditto\x64\debug\vc143.idb
e:\engine source\ditto\ditto\x64\debug\linux_joystick.obj
e:\engine source\ditto\ditto\x64\debug\glx_context.obj
e:\engine source\ditto\ditto\x64\debug\egl_context.obj
e:\engine source\ditto\ditto\x64\debug\cocoa_time.obj
e:\engine source\ditto\ditto\x64\debug\getopt.obj
e:\engine source\ditto\ditto\x64\debug\win32_window.obj
e:\engine source\ditto\ditto\x64\debug\win32_time.obj
e:\engine source\ditto\ditto\x64\debug\win32_thread.obj
e:\engine source\ditto\ditto\x64\debug\win32_monitor.obj
e:\engine source\ditto\ditto\x64\debug\win32_module.obj
e:\engine source\ditto\ditto\x64\debug\win32_joystick.obj
e:\engine source\ditto\ditto\x64\debug\win32_init.obj
e:\engine source\ditto\ditto\x64\debug\wgl_context.obj
e:\engine source\ditto\ditto\x64\debug\vulkan.obj
e:\engine source\ditto\ditto\x64\debug\posix_time.obj
e:\engine source\ditto\ditto\x64\debug\posix_thread.obj
e:\engine source\ditto\ditto\x64\debug\posix_poll.obj
e:\engine source\ditto\ditto\x64\debug\posix_module.obj
e:\engine source\ditto\ditto\x64\debug\osmesa_context.obj
e:\engine source\ditto\ditto\x64\debug\null_window.obj
e:\engine source\ditto\ditto\x64\debug\null_monitor.obj
e:\engine source\ditto\ditto\x64\debug\null_joystick.obj
e:\engine source\ditto\ditto\x64\debug\null_init.obj
e:\engine source\ditto\ditto\x64\debug\xkb_unicode.obj
e:\engine source\ditto\ditto\x64\debug\x11_window.obj
e:\engine source\ditto\ditto\x64\debug\x11_monitor.obj
e:\engine source\ditto\ditto\x64\debug\x11_init.obj
e:\engine source\ditto\ditto\x64\debug\wl_window.obj
e:\engine source\ditto\ditto\x64\debug\wl_monitor.obj
e:\engine source\ditto\ditto\x64\debug\wl_init.obj
e:\engine source\ditto\ditto\x64\debug\engine.obj
e:\engine source\ditto\ditto\x64\debug\main.obj
e:\engine source\ditto\x64\debug\ditto.exe
e:\engine source\ditto\x64\debug\ditto.pdb
e:\engine source\ditto\ditto\x64\debug\ditto.ilk
e:\engine source\ditto\ditto\x64\debug\ditto.tlog\cl.command.1.tlog
e:\engine source\ditto\ditto\x64\debug\ditto.tlog\cl.items.tlog
e:\engine source\ditto\ditto\x64\debug\ditto.tlog\cl.read.1.tlog
e:\engine source\ditto\ditto\x64\debug\ditto.tlog\cl.write.1.tlog
e:\engine source\ditto\ditto\x64\debug\ditto.tlog\link-cvtres.read.1.tlog
e:\engine source\ditto\ditto\x64\debug\ditto.tlog\link-cvtres.write.1.tlog
e:\engine source\ditto\ditto\x64\debug\ditto.tlog\link-rc.read.1.tlog
e:\engine source\ditto\ditto\x64\debug\ditto.tlog\link-rc.write.1.tlog
e:\engine source\ditto\ditto\x64\debug\ditto.tlog\link.4040-cvtres.read.1.tlog
e:\engine source\ditto\ditto\x64\debug\ditto.tlog\link.4040-cvtres.write.1.tlog
e:\engine source\ditto\ditto\x64\debug\ditto.tlog\link.4040-rc.read.1.tlog
e:\engine source\ditto\ditto\x64\debug\ditto.tlog\link.4040-rc.write.1.tlog
e:\engine source\ditto\ditto\x64\debug\ditto.tlog\link.4040.read.1.tlog
e:\engine source\ditto\ditto\x64\debug\ditto.tlog\link.4040.read.2.tlog
e:\engine source\ditto\ditto\x64\debug\ditto.tlog\link.4040.read.3.tlog
e:\engine source\ditto\ditto\x64\debug\ditto.tlog\link.4040.read.4.tlog
e:\engine source\ditto\ditto\x64\debug\ditto.tlog\link.4040.read.5.tlog
e:\engine source\ditto\ditto\x64\debug\ditto.tlog\link.4040.read.6.tlog
e:\engine source\ditto\ditto\x64\debug\ditto.tlog\link.4040.write.1.tlog
e:\engine source\ditto\ditto\x64\debug\ditto.tlog\link.command.1.tlog
e:\engine source\ditto\ditto\x64\debug\ditto.tlog\link.read.1.tlog
e:\engine source\ditto\ditto\x64\debug\ditto.tlog\link.read.2.tlog
e:\engine source\ditto\ditto\x64\debug\ditto.tlog\link.read.3.tlog
e:\engine source\ditto\ditto\x64\debug\ditto.tlog\link.read.4.tlog
e:\engine source\ditto\ditto\x64\debug\ditto.tlog\link.read.5.tlog
e:\engine source\ditto\ditto\x64\debug\ditto.tlog\link.read.6.tlog
e:\engine source\ditto\ditto\x64\debug\ditto.tlog\link.secondary.1.tlog
e:\engine source\ditto\ditto\x64\debug\ditto.tlog\link.write.1.tlog
